TN:
SF:dev-resources/cloverage/sample/exercise_instrumentation.clj
DA:1,1
DA:6,1
DA:8,3
DA:10,4
DA:12,5
DA:14,6
DA:15,4
DA:17,5
DA:18,4
DA:19,4
DA:21,4
DA:22,4
DA:24,1
DA:26,0
DA:28,1
DA:31,0
DA:32,0
DA:34,1
DA:36,7
DA:38,2
DA:41,1
DA:42,12
DA:44,2
DA:48,2
DA:50,5
DA:53,5
DA:56,5
DA:59,5
DA:60,4
DA:61,0
DA:63,5
DA:66,0
DA:68,2
DA:72,2
DA:73,6
DA:74,6
DA:75,2
DA:79,1
DA:83,6
DA:84,5
DA:85,8
DA:87,17
DA:88,10
DA:90,2
DA:96,1
DA:99,9
DA:100,3
DA:101,0
DA:102,0
DA:103,0
DA:104,0
DA:106,2
DA:110,1
DA:112,4
DA:113,3
DA:116,2
DA:120,1
DA:122,3
DA:123,2
DA:124,3
DA:125,3
DA:127,2
DA:130,30
DA:132,0
DA:133,2
DA:135,1
DA:136,0
DA:138,1
DA:139,0
DA:142,1
DA:143,0
DA:147,1
DA:148,0
DA:149,0
DA:151,1
DA:152,8
DA:154,2
LF:77
LH:62
end_of_record
